> awk '$1 {print $1}' ./empt.data
Kathy
Mark
Mary
Susi

> awk '$3 > 10 {print $3}' ./empt.data
20
22
18

> awk '$3 > 10 {print $1, $3 * $2 }' ./empt.data
Mark 500
Mary 495
Susie 306

> awk '$3 == 0 {print $1 }' ./empt.data
Beth
Dan

> awk '$3 == 0 {print "==0: " $1} $3 > 0 {print ">0: " $1}' ./empt.data
==0: Beth
==0: Dan
>0: Kathy
>0: Mark
>0: Mary
>0: Susie

> awk '$3 == 0 [ print $1 }' emp.data
awk: cmd. line:1: $3 == 0 [ print $1 }
awk: cmd. line:1:         ^ syntax error

> awk '{print NF, $1, $2, $3}' empt.data
3 Beth 21 0
3 Dan 19 0
3 Kathy 15.50 10
3 Mark 25 20
3 Mary 22.50 22
3 Susie 17 18

> awk '{printf("%s\t %.2f\t %d\n", $1, $2, $3)}' empt.data
Beth     21.00   0
Dan      19.00   0
Kathy    15.50   10
Mark     25.00   20
Mary     22.50   22
Susie    17.00   18

> awk '{printf("%.2f\t %s\t %.2f\t %d\n", $2*$3, $1, $2, $3)}' empt.data
0.00     Beth    21.00   0
0.00     Dan     19.00   0
155.00   Kathy   15.50   10
500.00   Mark    25.00   20
495.00   Mary    22.50   22
306.00   Susie   17.00   18

> awk '{printf("%.2f\t %s\t %.2f\t %d\n", $2*$3, $1, $2, $3)}' empt.data | sort
0.00     Beth    21.00   0
0.00     Dan     19.00   0
155.00   Kathy   15.50   10
306.00   Susie   17.00   18
495.00   Mary    22.50   22
500.00   Mark    25.00   20

> awk '$2 * $3 > 200 { printf("$%.2f for %s\n", $2 * $3, $1) }' empt.data
$500.00 for Mark
$495.00 for Mary
$306.00 for Susie

> awk '$2 * $3 > 200 { printf("$%.2f for %s\n", $2 * $3, $1) }' empt.data | sort
$306.00 for Susie
$495.00 for Mary
$500.00 for Mark

> awk 'BEGIN{printf("Price\tName\tRate\tHours\n")} {printf("%.2f\t %s\t %.2f\t %d\n", $2*$3, $1, $2, $3)}' empt.data
Price   Name    Rate    Hours
0.00     Beth    21.00   0
0.00     Dan     19.00   0
155.00   Kathy   15.50   10
500.00   Mark    25.00   20
495.00   Mary    22.50   22
306.00   Susie   17.00   18

> awk '$3 > 15 {emp += 1} END {print emp}' empt.data
3

> awk '{pay = pay + $2 * $3} END {print "The avg is " pay/NR}' empt.data
The avg is 242.667

> awk '$2 > maxrate {maxrate = $2} END {print "The max rate is " maxrate}' empt.data
The max rate is 25

> awk '{names = names " " $1} END {print names}' empt.data
Beth Dan Kathy Mark Mary Susie

> awk 'END { print "Number of lines: " NR }' empt.data
Number of lines: 6


